<?xml version="1.0" encoding="UTF-8"?>
<!-- Generated by org.testng.reporters.JUnitXMLReporter -->
<testsuite hostname="USER" name="Default test" tests="2" failures="0" timestamp="26 Aug 2016 01:52:27 GMT" time="76.083" errors="0">
  <testcase name="createPotentialTest" time="75.16" classname="com.qtpselenium.zoho.project.testcases.PotentialTest"/>
  <testcase name="deletePotentialAccountTest" time="0.001" classname="com.qtpselenium.zoho.project.testcases.PotentialTest"/>
</testsuite> <!-- Default test -->
