<?xml version="1.0" encoding="UTF-8"?>
<!-- Generated by org.testng.reporters.JUnitXMLReporter -->
<testsuite hostname="USER" name="Login Test" tests="2" failures="0" timestamp="28 Aug 2016 03:02:51 GMT" time="172.357" errors="0">
  <testcase name="doLogin" time="157.727" classname="com.qtpselenium.zoho.project.testcases.LoginTest"/>
  <testcase name="doLogin" time="0.001" classname="com.qtpselenium.zoho.project.testcases.LoginTest">
    <skipped/>
  </testcase> <!-- doLogin -->
</testsuite> <!-- Login Test -->
