<?xml version="1.0" encoding="UTF-8"?>
<!-- Generated by org.testng.reporters.JUnitXMLReporter -->
<testsuite hostname="USER" name="Potential Test" tests="2" failures="0" timestamp="28 Aug 2016 03:02:52 GMT" time="0.152" errors="0">
  <testcase name="createPotentialTest" time="0.005" classname="com.qtpselenium.zoho.project.testcases.PotentialTest">
    <skipped/>
  </testcase> <!-- createPotentialTest -->
  <testcase name="deletePotentialAccountTest" time="0.0" classname="com.qtpselenium.zoho.project.testcases.PotentialTest"/>
</testsuite> <!-- Potential Test -->
